Using pre-set license
Built from '2020.3/staging' branch; Version is '2020.3.17f1 (a4537701e4ab) revision 10769271'; Using compiler version '192528614'; Build Type 'Release'
OS: 'Windows 10 Pro; OS build 19042.631; Version 2009; 64bit' Language: 'en' Physical Memory: 8108 MB
BatchMode: 1, IsHumanControllingUs: 0, StartBugReporterOnCrash: 0, Is64bit: 1, IsPro: 0

COMMAND LINE ARGUMENTS:
C:\Program Files\Unity\Hub\Editor\2020.3.17f1\Editor\Unity.exe
-adb2
-batchMode
-noUpm
-name
AssetImportWorker0
-projectPath
E:/Unity Work/unity-mario-project
-logFile
Logs/AssetImportWorker0.log
-srvPort
62184
Successfully changed project path to: E:/Unity Work/unity-mario-project
E:/Unity Work/unity-mario-project
Using Asset Import Pipeline V2.
Refreshing native plugins compatible for Editor in 165.59 ms, found 3 plugins.
Preloading 0 native plugins for Editor in 0.00 ms.
Initialize engine version: 2020.3.17f1 (a4537701e4ab)
[Subsystems] Discovering subsystems at path C:/Program Files/Unity/Hub/Editor/2020.3.17f1/Editor/Data/Resources/UnitySubsystems
[Subsystems] Discovering subsystems at path E:/Unity Work/unity-mario-project/Assets
GfxDevice: creating device client; threaded=0
Direct3D:
    Version:  Direct3D 11.0 [level 11.1]
    Renderer: NVIDIA GeForce GTX 1050 Ti (ID=0x1c82)
    Vendor:   
    VRAM:     4018 MB
    Driver:   27.21.14.6647
Initialize mono
Mono path[0] = 'C:/Program Files/Unity/Hub/Editor/2020.3.17f1/Editor/Data/Managed'
Mono path[1] = 'C:/Program Files/Unity/Hub/Editor/2020.3.17f1/Editor/Data/MonoBleedingEdge/lib/mono/unityjit'
Mono config path = 'C:/Program Files/Unity/Hub/Editor/2020.3.17f1/Editor/Data/MonoBleedingEdge/etc'
Using monoOptions --debugger-agent=transport=dt_socket,embedding=1,server=y,suspend=n,address=127.0.0.1:56108
Begin MonoManager ReloadAssembly
Registering precompiled unity dll's ...
Register platform support module: C:/Program Files/Unity/Hub/Editor/2020.3.17f1/Editor/Data/PlaybackEngines/WebGLSupport/UnityEditor.WebGL.Extensions.dll
Register platform support module: C:/Program Files/Unity/Hub/Editor/2020.3.17f1/Editor/Data/PlaybackEngines/WindowsStandaloneSupport/UnityEditor.WindowsStandalone.Extensions.dll
Registered in 0.004023 seconds.
Native extension for WindowsStandalone target not found
Native extension for WebGL target not found
Refreshing native plugins compatible for Editor in 69.87 ms, found 3 plugins.
Preloading 0 native plugins for Editor in 0.00 ms.
Mono: successfully reloaded assembly
- Completed reload, in  1.957 seconds
Domain Reload Profiling:
	ReloadAssembly (1957ms)
		BeginReloadAssembly (63ms)
			ExecutionOrderSort (0ms)
			DisableScriptedObjects (0ms)
			BackupInstance (0ms)
			ReleaseScriptingObjects (0ms)
			CreateAndSetChildDomain (2ms)
		EndReloadAssembly (591ms)
			LoadAssemblies (59ms)
			RebuildTransferFunctionScriptingTraits (1ms)
			SetupTypeCache (185ms)
			ReleaseScriptCaches (0ms)
			RebuildScriptCaches (47ms)
			SetupLoadedEditorAssemblies (268ms)
				LogAssemblyErrors (0ms)
				InitializePlatformSupportModulesInManaged (10ms)
				SetLoadedEditorAssemblies (0ms)
				RefreshPlugins (70ms)
				BeforeProcessingInitializeOnLoad (13ms)
				ProcessInitializeOnLoadAttributes (121ms)
				ProcessInitializeOnLoadMethodAttributes (53ms)
				AfterProcessingInitializeOnLoad (0ms)
				EditorAssembliesLoaded (1ms)
			ExecutionOrderSort2 (0ms)
			AwakeInstancesAfterBackupRestoration (0ms)
Platform modules already initialized, skipping
Registering precompiled user dll's ...
Registered in 0.073101 seconds.
Begin MonoManager ReloadAssembly
Native extension for WindowsStandalone target not found
Native extension for WebGL target not found
Refreshing native plugins compatible for Editor in 47.79 ms, found 3 plugins.
Preloading 0 native plugins for Editor in 0.00 ms.
Mono: successfully reloaded assembly
- Completed reload, in  2.153 seconds
Domain Reload Profiling:
	ReloadAssembly (2154ms)
		BeginReloadAssembly (161ms)
			ExecutionOrderSort (0ms)
			DisableScriptedObjects (4ms)
			BackupInstance (0ms)
			ReleaseScriptingObjects (0ms)
			CreateAndSetChildDomain (24ms)
		EndReloadAssembly (1908ms)
			LoadAssemblies (884ms)
			RebuildTransferFunctionScriptingTraits (0ms)
			SetupTypeCache (361ms)
			ReleaseScriptCaches (0ms)
			RebuildScriptCaches (56ms)
			SetupLoadedEditorAssemblies (452ms)
				LogAssemblyErrors (0ms)
				InitializePlatformSupportModulesInManaged (5ms)
				SetLoadedEditorAssemblies (0ms)
				RefreshPlugins (48ms)
				BeforeProcessingInitializeOnLoad (76ms)
				ProcessInitializeOnLoadAttributes (304ms)
				ProcessInitializeOnLoadMethodAttributes (15ms)
				AfterProcessingInitializeOnLoad (5ms)
				EditorAssembliesLoaded (0ms)
			ExecutionOrderSort2 (0ms)
			AwakeInstancesAfterBackupRestoration (7ms)
Platform modules already initialized, skipping
========================================================================
Worker process is ready to serve import requests
Launched and connected shader compiler UnityShaderCompiler.exe after 0.12 seconds
Refreshing native plugins compatible for Editor in 0.44 ms, found 3 plugins.
Preloading 0 native plugins for Editor in 0.00 ms.
Unloading 2094 Unused Serialized files (Serialized files now loaded: 0)
System memory in use before: 93.1 MB.
System memory in use after: 93.2 MB.

Unloading 28 unused Assets to reduce memory usage. Loaded Objects now: 2531.
Total: 4.359000 ms (FindLiveObjects: 0.202200 ms CreateObjectMapping: 0.085300 ms MarkObjects: 3.988100 ms  DeleteObjects: 0.081900 ms)

AssetImportParameters requested are different than current active one (requested -> active):
  custom:framework-win-MediaFoundation: 216162199b28c13a410421893ffa2e32 -> 
  custom:video-decoder-ogg-theora: a1e56fd34408186e4bbccfd4996cb3dc -> 
  custom:container-muxer-webm: aa71ff27fc2769a1b78a27578f13a17b -> 
  custom:container-demuxer-webm: 4f35f7cbe854078d1ac9338744f61a02 -> 
  custom:container-demuxer-ogg: 62fdf1f143b41e24485cea50d1cbac27 -> 
  custom:video-encoder-webm-vp8: eb34c28f22e8b96e1ab97ce403110664 -> 
  custom:video-decoder-webm-vp8: 9c59270c3fd7afecdb556c50c9e8de78 -> 
  custom:audio-decoder-ogg-vorbis: bf7c407c2cedff20999df2af8eb42d56 -> 
  custom:audio-encoder-webm-vorbis: bf7c407c2cedff20999df2af8eb42d56 -> 
========================================================================
Received Import Request.
  path: Assets/Drop2_s.png
  artifactKey: Guid(6e10a4e1e05c94a10a2464eb94edcfaa) Importer(815301076,1909f56bfc062723c751e8b465ee728b)
Start importing Assets/Drop2_s.png using Guid(6e10a4e1e05c94a10a2464eb94edcfaa) Importer(815301076,1909f56bfc062723c751e8b465ee728b)  -> (artifact id: '08c0e68ccacf6e042c961c6092598a40') in 0.221996 seconds 
  Import took 0.227354 seconds .

========================================================================
Received Import Request.
  Time since last request: 0.000432 seconds.
  path: Assets/Idle2_s.png
  artifactKey: Guid(26e7f7c771d5a4122a422d5581d9eaf3) Importer(815301076,1909f56bfc062723c751e8b465ee728b)
Start importing Assets/Idle2_s.png using Guid(26e7f7c771d5a4122a422d5581d9eaf3) Importer(815301076,1909f56bfc062723c751e8b465ee728b)  -> (artifact id: 'f838be3c4ce83d393c984e6bb02f368c') in 0.046901 seconds 
  Import took 0.051519 seconds .

========================================================================
Received Import Request.
  Time since last request: 0.000212 seconds.
  path: Assets/Walk3_s.png
  artifactKey: Guid(d5af95e351ae6499cb414bec64bec763) Importer(815301076,1909f56bfc062723c751e8b465ee728b)
Start importing Assets/Walk3_s.png using Guid(d5af95e351ae6499cb414bec64bec763) Importer(815301076,1909f56bfc062723c751e8b465ee728b)  -> (artifact id: 'ba621de98b189be733f0c01814fae1f2') in 0.041417 seconds 
  Import took 0.045871 seconds .

========================================================================
Received Import Request.
  Time since last request: 0.000193 seconds.
  path: Assets/Drop3_s.png
  artifactKey: Guid(2e40661a750f04dfaa24567425958c7a) Importer(815301076,1909f56bfc062723c751e8b465ee728b)
Start importing Assets/Drop3_s.png using Guid(2e40661a750f04dfaa24567425958c7a) Importer(815301076,1909f56bfc062723c751e8b465ee728b)  -> (artifact id: '6a7a90dedd4f24b3e0d3d0f19d0d02e0') in 0.027466 seconds 
  Import took 0.031080 seconds .

========================================================================
Received Import Request.
  Time since last request: 0.000156 seconds.
  path: Assets/Walk1_s.png
  artifactKey: Guid(c0c3de034120340e6a638e7f4f3cf51c) Importer(815301076,1909f56bfc062723c751e8b465ee728b)
Start importing Assets/Walk1_s.png using Guid(c0c3de034120340e6a638e7f4f3cf51c) Importer(815301076,1909f56bfc062723c751e8b465ee728b)  -> (artifact id: '3c097adfa9be96ee5c32d48dad7c0589') in 0.045537 seconds 
  Import took 0.049047 seconds .

========================================================================
Received Import Request.
  Time since last request: 0.000162 seconds.
  path: Assets/Idle1_s.png
  artifactKey: Guid(684e071a8e8b6449ba7f458a300d6da7) Importer(815301076,1909f56bfc062723c751e8b465ee728b)
Start importing Assets/Idle1_s.png using Guid(684e071a8e8b6449ba7f458a300d6da7) Importer(815301076,1909f56bfc062723c751e8b465ee728b)  -> (artifact id: '09aeff1b2991fefa0b6b9186c6ba18d2') in 0.048314 seconds 
  Import took 0.051741 seconds .

========================================================================
Received Import Request.
  Time since last request: 0.000152 seconds.
  path: Assets/Tile0.asset
  artifactKey: Guid(ae43844de2883424ebc4f16787297ed6) Importer(815301076,1909f56bfc062723c751e8b465ee728b)
Start importing Assets/Tile0.asset using Guid(ae43844de2883424ebc4f16787297ed6) Importer(815301076,1909f56bfc062723c751e8b465ee728b)  -> (artifact id: 'e96f880f07c6d97524a37d956f9cf9cc') in 0.084260 seconds 
  Import took 0.117443 seconds .

========================================================================
Received Import Request.
  Time since last request: 0.000180 seconds.
  path: Assets/Walk2_s.png
  artifactKey: Guid(4346cbdee9cca40819cb3bad472c71a0) Importer(815301076,1909f56bfc062723c751e8b465ee728b)
Start importing Assets/Walk2_s.png using Guid(4346cbdee9cca40819cb3bad472c71a0) Importer(815301076,1909f56bfc062723c751e8b465ee728b)  -> (artifact id: 'fa7e9e58dd47c8007a6299d99b3a6e56') in 0.039734 seconds 
  Import took 0.043190 seconds .

========================================================================
Received Import Request.
  Time since last request: 0.000139 seconds.
  path: Assets/Walk4_s.png
  artifactKey: Guid(29f375d376be9488c9099f5ef44624b6) Importer(815301076,1909f56bfc062723c751e8b465ee728b)
Start importing Assets/Walk4_s.png using Guid(29f375d376be9488c9099f5ef44624b6) Importer(815301076,1909f56bfc062723c751e8b465ee728b)  -> (artifact id: '61bc9aedfbadb8ca7a4baa41b7fc2509') in 0.034742 seconds 
  Import took 0.037614 seconds .

========================================================================
Received Import Request.
  Time since last request: 0.000190 seconds.
  path: Assets/Idle3_s.png
  artifactKey: Guid(630e451f1021e4151b0a180fae41b39d) Importer(815301076,1909f56bfc062723c751e8b465ee728b)
Start importing Assets/Idle3_s.png using Guid(630e451f1021e4151b0a180fae41b39d) Importer(815301076,1909f56bfc062723c751e8b465ee728b)  -> (artifact id: 'c01ae23cab8c068ab6bc8c759c90d7a5') in 0.033316 seconds 
  Import took 0.036386 seconds .

========================================================================
Received Import Request.
  Time since last request: 0.000158 seconds.
  path: Assets/Drop1_s.png
  artifactKey: Guid(4c0a23f8e96d949c9adf279d66fe19c9) Importer(815301076,1909f56bfc062723c751e8b465ee728b)
Start importing Assets/Drop1_s.png using Guid(4c0a23f8e96d949c9adf279d66fe19c9) Importer(815301076,1909f56bfc062723c751e8b465ee728b)  -> (artifact id: '5756754076a1ea0fdb9dc799fd416c20') in 0.025826 seconds 
  Import took 0.029208 seconds .

========================================================================
Received Import Request.
  Time since last request: 0.000139 seconds.
  path: Assets/Tile0.png
  artifactKey: Guid(568ab607c22bd4473b55eb394dc24479) Importer(815301076,1909f56bfc062723c751e8b465ee728b)
Start importing Assets/Tile0.png using Guid(568ab607c22bd4473b55eb394dc24479) Importer(815301076,1909f56bfc062723c751e8b465ee728b)  -> (artifact id: 'c604b3805069aa05abfdc4293faf3488') in 0.015243 seconds 
  Import took 0.018455 seconds .

========================================================================
Received Import Request.
  Time since last request: 0.000208 seconds.
  path: Assets/Tile1.png
  artifactKey: Guid(d440d348d5c2f4dc6b6625e1daafbe57) Importer(815301076,1909f56bfc062723c751e8b465ee728b)
Start importing Assets/Tile1.png using Guid(d440d348d5c2f4dc6b6625e1daafbe57) Importer(815301076,1909f56bfc062723c751e8b465ee728b)  -> (artifact id: '7f248b3e6912aaea5ce10dc15bef489d') in 0.030503 seconds 
  Import took 0.034003 seconds .

========================================================================
Received Import Request.
  Time since last request: 0.000199 seconds.
  path: Assets/Idle4_s.png
  artifactKey: Guid(63720119168a84c70943bfd4e6b5b318) Importer(815301076,1909f56bfc062723c751e8b465ee728b)
Start importing Assets/Idle4_s.png using Guid(63720119168a84c70943bfd4e6b5b318) Importer(815301076,1909f56bfc062723c751e8b465ee728b)  -> (artifact id: 'd48060b59c4b8638d046d9f1516a2464') in 0.025504 seconds 
  Import took 0.029146 seconds .

========================================================================
Received Import Request.
  Time since last request: 0.000152 seconds.
  path: Assets/2285492.jpg
  artifactKey: Guid(8d22e0f0d05fb430d953d545ef04178e) Importer(815301076,1909f56bfc062723c751e8b465ee728b)
Start importing Assets/2285492.jpg using Guid(8d22e0f0d05fb430d953d545ef04178e) Importer(815301076,1909f56bfc062723c751e8b465ee728b)  -> (artifact id: '6ed07c317400b656c21d90b288c64b73') in 0.061048 seconds 
  Import took 0.064242 seconds .

========================================================================
Received Import Request.
  Time since last request: 0.000141 seconds.
  path: Assets/Tile1.asset
  artifactKey: Guid(2cb738964574a40dd881696369027fe1) Importer(815301076,1909f56bfc062723c751e8b465ee728b)
Start importing Assets/Tile1.asset using Guid(2cb738964574a40dd881696369027fe1) Importer(815301076,1909f56bfc062723c751e8b465ee728b)  -> (artifact id: 'fd0f6213317b4506aef0a8eb7ccba3f5') in 0.031290 seconds 
  Import took 0.034112 seconds .

========================================================================
Received Import Request.
  Time since last request: 83.273198 seconds.
  path: Assets/Jump.anim
  artifactKey: Guid(73b2f98a06bcd42c7a769042bc5e2b9c) Importer(815301076,1909f56bfc062723c751e8b465ee728b)
Start importing Assets/Jump.anim using Guid(73b2f98a06bcd42c7a769042bc5e2b9c) Importer(815301076,1909f56bfc062723c751e8b465ee728b)  -> (artifact id: '4a76cf5bf451f34d96a98a4bd2e4c0ee') in 0.009203 seconds 
  Import took 0.012708 seconds .

========================================================================
Received Import Request.
  Time since last request: 1.564283 seconds.
  path: Assets/Move.anim
  artifactKey: Guid(a31ef177964cf463fa690fe5c9d5cc97) Importer(815301076,1909f56bfc062723c751e8b465ee728b)
Start importing Assets/Move.anim using Guid(a31ef177964cf463fa690fe5c9d5cc97) Importer(815301076,1909f56bfc062723c751e8b465ee728b)  -> (artifact id: '868bc8fb94d83e7afe1e5908f1532a22') in 0.008105 seconds 
  Import took 0.011799 seconds .

========================================================================
Received Import Request.
  Time since last request: 0.766028 seconds.
  path: Assets/Idle.anim
  artifactKey: Guid(43a519016c81b4653962a66c5e69642a) Importer(815301076,1909f56bfc062723c751e8b465ee728b)
Start importing Assets/Idle.anim using Guid(43a519016c81b4653962a66c5e69642a) Importer(815301076,1909f56bfc062723c751e8b465ee728b)  -> (artifact id: 'af67f52f58301ca59cbaa827c34252c9') in 0.007680 seconds 
  Import took 0.011113 seconds .

========================================================================
Received Import Request.
  Time since last request: 4.022219 seconds.
  path: Assets/Scenes/SampleScene.unity
  artifactKey: Guid(2cda990e2423bbf4892e6590ba056729) Importer(815301076,1909f56bfc062723c751e8b465ee728b)
Start importing Assets/Scenes/SampleScene.unity using Guid(2cda990e2423bbf4892e6590ba056729) Importer(815301076,1909f56bfc062723c751e8b465ee728b)  -> (artifact id: '4bdd75ce593b815209d2582ab140d020') in 0.013906 seconds 
  Import took 0.017179 seconds .

========================================================================
Received Prepare
Registering precompiled user dll's ...
Registered in 0.057783 seconds.
Begin MonoManager ReloadAssembly
Native extension for WindowsStandalone target not found
Native extension for WebGL target not found
Refreshing native plugins compatible for Editor in 0.83 ms, found 3 plugins.
Preloading 0 native plugins for Editor in 0.00 ms.
Mono: successfully reloaded assembly
- Completed reload, in  2.162 seconds
Domain Reload Profiling:
	ReloadAssembly (2162ms)
		BeginReloadAssembly (384ms)
			ExecutionOrderSort (0ms)
			DisableScriptedObjects (11ms)
			BackupInstance (0ms)
			ReleaseScriptingObjects (0ms)
			CreateAndSetChildDomain (44ms)
		EndReloadAssembly (1639ms)
			LoadAssemblies (370ms)
			RebuildTransferFunctionScriptingTraits (0ms)
			SetupTypeCache (577ms)
			ReleaseScriptCaches (1ms)
			RebuildScriptCaches (69ms)
			SetupLoadedEditorAssemblies (641ms)
				LogAssemblyErrors (0ms)
				InitializePlatformSupportModulesInManaged (8ms)
				SetLoadedEditorAssemblies (2ms)
				RefreshPlugins (1ms)
				BeforeProcessingInitializeOnLoad (91ms)
				ProcessInitializeOnLoadAttributes (520ms)
				ProcessInitializeOnLoadMethodAttributes (10ms)
				AfterProcessingInitializeOnLoad (9ms)
				EditorAssembliesLoaded (0ms)
			ExecutionOrderSort2 (0ms)
			AwakeInstancesAfterBackupRestoration (17ms)
Platform modules already initialized, skipping
Refreshing native plugins compatible for Editor in 0.40 ms, found 3 plugins.
Preloading 0 native plugins for Editor in 0.00 ms.
Unloading 2084 Unused Serialized files (Serialized files now loaded: 0)
System memory in use before: 95.6 MB.
System memory in use after: 95.7 MB.

Unloading 16 unused Assets to reduce memory usage. Loaded Objects now: 2546.
Total: 3.000300 ms (FindLiveObjects: 0.165000 ms CreateObjectMapping: 0.072300 ms MarkObjects: 2.741300 ms  DeleteObjects: 0.020700 ms)

AssetImportParameters requested are different than current active one (requested -> active):
  custom:framework-win-MediaFoundation: 216162199b28c13a410421893ffa2e32 -> 
  custom:video-decoder-ogg-theora: a1e56fd34408186e4bbccfd4996cb3dc -> 
  custom:container-muxer-webm: aa71ff27fc2769a1b78a27578f13a17b -> 
  custom:container-demuxer-webm: 4f35f7cbe854078d1ac9338744f61a02 -> 
  custom:container-demuxer-ogg: 62fdf1f143b41e24485cea50d1cbac27 -> 
  custom:video-encoder-webm-vp8: eb34c28f22e8b96e1ab97ce403110664 -> 
  custom:video-decoder-webm-vp8: 9c59270c3fd7afecdb556c50c9e8de78 -> 
  custom:audio-decoder-ogg-vorbis: bf7c407c2cedff20999df2af8eb42d56 -> 
  custom:audio-encoder-webm-vorbis: bf7c407c2cedff20999df2af8eb42d56 -> 
========================================================================
Received Import Request.
  Time since last request: 69.570261 seconds.
  path: Assets/Materials/Tile0.mat
  artifactKey: Guid(ec572a0946542438b8812341a9074078) Importer(815301076,1909f56bfc062723c751e8b465ee728b)
Start importing Assets/Materials/Tile0.mat using Guid(ec572a0946542438b8812341a9074078) Importer(815301076,1909f56bfc062723c751e8b465ee728b)  -> (artifact id: '7e577a8b8069a24124574857bbed80ae') in 0.086778 seconds 
  Import took 0.091382 seconds .

========================================================================
Received Import Request.
  Time since last request: 27.680294 seconds.
  path: Assets/Idle1_s 1.png
  artifactKey: Guid(08fa52fd001d9924ba312f04967eb5a4) Importer(815301076,1909f56bfc062723c751e8b465ee728b)
Start importing Assets/Idle1_s 1.png using Guid(08fa52fd001d9924ba312f04967eb5a4) Importer(815301076,1909f56bfc062723c751e8b465ee728b)  -> (artifact id: '73b206d9cdb601b37e30947178c2c197') in 0.027725 seconds 
  Import took 0.042697 seconds .

========================================================================
Received Import Request.
  Time since last request: 0.000154 seconds.
  path: Assets/Idle3_s 1.png
  artifactKey: Guid(54b3bc70a08cdb74b84757bd12f7b553) Importer(815301076,1909f56bfc062723c751e8b465ee728b)
Start importing Assets/Idle3_s 1.png using Guid(54b3bc70a08cdb74b84757bd12f7b553) Importer(815301076,1909f56bfc062723c751e8b465ee728b)  -> (artifact id: 'a0925244358e12c0c261bdbc632e665f') in 0.015428 seconds 
  Import took 0.018715 seconds .

========================================================================
Received Import Request.
  Time since last request: 0.000148 seconds.
  path: Assets/Walk4_s 1.png
  artifactKey: Guid(3ab3f6b5cfbcd834a887fa0eb3501470) Importer(815301076,1909f56bfc062723c751e8b465ee728b)
Start importing Assets/Walk4_s 1.png using Guid(3ab3f6b5cfbcd834a887fa0eb3501470) Importer(815301076,1909f56bfc062723c751e8b465ee728b)  -> (artifact id: '39078b2b2d150fcbc8fd44cfa5f66f9b') in 0.020200 seconds 
  Import took 0.024979 seconds .

========================================================================
Received Import Request.
  Time since last request: 0.000409 seconds.
  path: Assets/Idle2_s 1.png
  artifactKey: Guid(291e28a7e478a274fa87f7ea0bc4f501) Importer(815301076,1909f56bfc062723c751e8b465ee728b)
Start importing Assets/Idle2_s 1.png using Guid(291e28a7e478a274fa87f7ea0bc4f501) Importer(815301076,1909f56bfc062723c751e8b465ee728b)  -> (artifact id: '2e66f11b8c4bccb70b8a5e8a4dc669db') in 0.018139 seconds 
  Import took 0.023049 seconds .

========================================================================
Received Import Request.
  Time since last request: 0.000143 seconds.
  path: Assets/Walk2_s 1.png
  artifactKey: Guid(ad4e1e8c043336f49a96f2b2719e9d22) Importer(815301076,1909f56bfc062723c751e8b465ee728b)
Start importing Assets/Walk2_s 1.png using Guid(ad4e1e8c043336f49a96f2b2719e9d22) Importer(815301076,1909f56bfc062723c751e8b465ee728b)  -> (artifact id: '1221fbd9bd682891f6096ec1736c99bb') in 0.030325 seconds 
  Import took 0.033675 seconds .

========================================================================
Received Import Request.
  Time since last request: 0.000161 seconds.
  path: Assets/Walk3_s 1.png
  artifactKey: Guid(0b4c2f6a1a9b655469efc0391809b614) Importer(815301076,1909f56bfc062723c751e8b465ee728b)
Start importing Assets/Walk3_s 1.png using Guid(0b4c2f6a1a9b655469efc0391809b614) Importer(815301076,1909f56bfc062723c751e8b465ee728b)  -> (artifact id: '14376cfb821799897e520f21ae83550e') in 0.035226 seconds 
  Import took 0.040640 seconds .

========================================================================
Received Import Request.
  Time since last request: 0.000173 seconds.
  path: Assets/Walk1_s 1.png
  artifactKey: Guid(eeea8e7a3352d1f4680c75fe9bd35b9e) Importer(815301076,1909f56bfc062723c751e8b465ee728b)
Start importing Assets/Walk1_s 1.png using Guid(eeea8e7a3352d1f4680c75fe9bd35b9e) Importer(815301076,1909f56bfc062723c751e8b465ee728b)  -> (artifact id: 'b8e33238c08532a4fe7552cd1b51b5f6') in 0.020277 seconds 
  Import took 0.024087 seconds .

========================================================================
Received Import Request.
  Time since last request: 0.000414 seconds.
  path: Assets/Idle4_s 1.png
  artifactKey: Guid(b862545100c792549bfbfd659bb8f24b) Importer(815301076,1909f56bfc062723c751e8b465ee728b)
Start importing Assets/Idle4_s 1.png using Guid(b862545100c792549bfbfd659bb8f24b) Importer(815301076,1909f56bfc062723c751e8b465ee728b)  -> (artifact id: '0bfb24e4e341bec885fd9020ddc9496e') in 0.018587 seconds 
  Import took 0.022333 seconds .

========================================================================
Received Import Request.
  Time since last request: 0.003093 seconds.
  path: Assets/Idle4_s 1.png
  artifactKey: Guid(b862545100c792549bfbfd659bb8f24b) Importer(815301076,1909f56bfc062723c751e8b465ee728b)
Start importing Assets/Idle4_s 1.png using Guid(b862545100c792549bfbfd659bb8f24b) Importer(815301076,1909f56bfc062723c751e8b465ee728b)  -> (artifact id: '0bfb24e4e341bec885fd9020ddc9496e') in 0.019283 seconds 
  Import took 0.023969 seconds .

========================================================================
Received Prepare
Registering precompiled user dll's ...
Registered in 0.031368 seconds.
Begin MonoManager ReloadAssembly
Native extension for WindowsStandalone target not found
Native extension for WebGL target not found
Refreshing native plugins compatible for Editor in 0.51 ms, found 3 plugins.
Preloading 0 native plugins for Editor in 0.00 ms.
Mono: successfully reloaded assembly
- Completed reload, in  1.114 seconds
Domain Reload Profiling:
	ReloadAssembly (1114ms)
		BeginReloadAssembly (122ms)
			ExecutionOrderSort (0ms)
			DisableScriptedObjects (5ms)
			BackupInstance (0ms)
			ReleaseScriptingObjects (0ms)
			CreateAndSetChildDomain (36ms)
		EndReloadAssembly (928ms)
			LoadAssemblies (91ms)
			RebuildTransferFunctionScriptingTraits (0ms)
			SetupTypeCache (313ms)
			ReleaseScriptCaches (1ms)
			RebuildScriptCaches (45ms)
			SetupLoadedEditorAssemblies (368ms)
				LogAssemblyErrors (0ms)
				InitializePlatformSupportModulesInManaged (6ms)
				SetLoadedEditorAssemblies (1ms)
				RefreshPlugins (1ms)
				BeforeProcessingInitializeOnLoad (60ms)
				ProcessInitializeOnLoadAttributes (291ms)
				ProcessInitializeOnLoadMethodAttributes (5ms)
				AfterProcessingInitializeOnLoad (5ms)
				EditorAssembliesLoaded (0ms)
			ExecutionOrderSort2 (0ms)
			AwakeInstancesAfterBackupRestoration (11ms)
Platform modules already initialized, skipping
Refreshing native plugins compatible for Editor in 0.62 ms, found 3 plugins.
Preloading 0 native plugins for Editor in 0.00 ms.
Unloading 2084 Unused Serialized files (Serialized files now loaded: 0)
System memory in use before: 95.9 MB.
System memory in use after: 96.0 MB.

Unloading 16 unused Assets to reduce memory usage. Loaded Objects now: 2586.
Total: 3.928800 ms (FindLiveObjects: 0.209500 ms CreateObjectMapping: 0.098200 ms MarkObjects: 3.603400 ms  DeleteObjects: 0.016700 ms)

AssetImportParameters requested are different than current active one (requested -> active):
  custom:framework-win-MediaFoundation: 216162199b28c13a410421893ffa2e32 -> 
  custom:video-decoder-ogg-theora: a1e56fd34408186e4bbccfd4996cb3dc -> 
  custom:container-muxer-webm: aa71ff27fc2769a1b78a27578f13a17b -> 
  custom:container-demuxer-webm: 4f35f7cbe854078d1ac9338744f61a02 -> 
  custom:container-demuxer-ogg: 62fdf1f143b41e24485cea50d1cbac27 -> 
  custom:video-encoder-webm-vp8: eb34c28f22e8b96e1ab97ce403110664 -> 
  custom:video-decoder-webm-vp8: 9c59270c3fd7afecdb556c50c9e8de78 -> 
  custom:audio-decoder-ogg-vorbis: bf7c407c2cedff20999df2af8eb42d56 -> 
  custom:audio-encoder-webm-vorbis: bf7c407c2cedff20999df2af8eb42d56 -> 
========================================================================
Received Prepare
Registering precompiled user dll's ...
Registered in 0.003684 seconds.
Begin MonoManager ReloadAssembly
Native extension for WindowsStandalone target not found
Native extension for WebGL target not found
Refreshing native plugins compatible for Editor in 0.41 ms, found 3 plugins.
Preloading 0 native plugins for Editor in 0.00 ms.
Mono: successfully reloaded assembly
- Completed reload, in  1.593 seconds
Domain Reload Profiling:
	ReloadAssembly (1594ms)
		BeginReloadAssembly (177ms)
			ExecutionOrderSort (0ms)
			DisableScriptedObjects (13ms)
			BackupInstance (0ms)
			ReleaseScriptingObjects (0ms)
			CreateAndSetChildDomain (52ms)
		EndReloadAssembly (1339ms)
			LoadAssemblies (143ms)
			RebuildTransferFunctionScriptingTraits (0ms)
			SetupTypeCache (378ms)
			ReleaseScriptCaches (2ms)
			RebuildScriptCaches (53ms)
			SetupLoadedEditorAssemblies (652ms)
				LogAssemblyErrors (0ms)
				InitializePlatformSupportModulesInManaged (8ms)
				SetLoadedEditorAssemblies (1ms)
				RefreshPlugins (0ms)
				BeforeProcessingInitializeOnLoad (64ms)
				ProcessInitializeOnLoadAttributes (565ms)
				ProcessInitializeOnLoadMethodAttributes (6ms)
				AfterProcessingInitializeOnLoad (8ms)
				EditorAssembliesLoaded (0ms)
			ExecutionOrderSort2 (0ms)
			AwakeInstancesAfterBackupRestoration (20ms)
Platform modules already initialized, skipping
Refreshing native plugins compatible for Editor in 0.81 ms, found 3 plugins.
Preloading 0 native plugins for Editor in 0.00 ms.
Unloading 2084 Unused Serialized files (Serialized files now loaded: 0)
System memory in use before: 95.9 MB.
System memory in use after: 96.0 MB.

Unloading 16 unused Assets to reduce memory usage. Loaded Objects now: 2589.
Total: 4.268200 ms (FindLiveObjects: 0.222700 ms CreateObjectMapping: 0.132400 ms MarkObjects: 3.892400 ms  DeleteObjects: 0.019100 ms)

AssetImportParameters requested are different than current active one (requested -> active):
  custom:framework-win-MediaFoundation: 216162199b28c13a410421893ffa2e32 -> 
  custom:video-decoder-ogg-theora: a1e56fd34408186e4bbccfd4996cb3dc -> 
  custom:container-muxer-webm: aa71ff27fc2769a1b78a27578f13a17b -> 
  custom:container-demuxer-webm: 4f35f7cbe854078d1ac9338744f61a02 -> 
  custom:container-demuxer-ogg: 62fdf1f143b41e24485cea50d1cbac27 -> 
  custom:video-encoder-webm-vp8: eb34c28f22e8b96e1ab97ce403110664 -> 
  custom:video-decoder-webm-vp8: 9c59270c3fd7afecdb556c50c9e8de78 -> 
  custom:audio-decoder-ogg-vorbis: bf7c407c2cedff20999df2af8eb42d56 -> 
  custom:audio-encoder-webm-vorbis: bf7c407c2cedff20999df2af8eb42d56 -> 
========================================================================
Received Prepare
Registering precompiled user dll's ...
Registered in 0.006224 seconds.
Begin MonoManager ReloadAssembly
Native extension for WindowsStandalone target not found
Native extension for WebGL target not found
Refreshing native plugins compatible for Editor in 0.65 ms, found 3 plugins.
Preloading 0 native plugins for Editor in 0.00 ms.
Mono: successfully reloaded assembly
- Completed reload, in  1.158 seconds
Domain Reload Profiling:
	ReloadAssembly (1158ms)
		BeginReloadAssembly (123ms)
			ExecutionOrderSort (0ms)
			DisableScriptedObjects (7ms)
			BackupInstance (0ms)
			ReleaseScriptingObjects (0ms)
			CreateAndSetChildDomain (36ms)
		EndReloadAssembly (971ms)
			LoadAssemblies (93ms)
			RebuildTransferFunctionScriptingTraits (0ms)
			SetupTypeCache (343ms)
			ReleaseScriptCaches (1ms)
			RebuildScriptCaches (47ms)
			SetupLoadedEditorAssemblies (378ms)
				LogAssemblyErrors (0ms)
				InitializePlatformSupportModulesInManaged (9ms)
				SetLoadedEditorAssemblies (1ms)
				RefreshPlugins (1ms)
				BeforeProcessingInitializeOnLoad (63ms)
				ProcessInitializeOnLoadAttributes (293ms)
				ProcessInitializeOnLoadMethodAttributes (6ms)
				AfterProcessingInitializeOnLoad (5ms)
				EditorAssembliesLoaded (0ms)
			ExecutionOrderSort2 (0ms)
			AwakeInstancesAfterBackupRestoration (12ms)
Platform modules already initialized, skipping
Refreshing native plugins compatible for Editor in 0.43 ms, found 3 plugins.
Preloading 0 native plugins for Editor in 0.00 ms.
Unloading 2084 Unused Serialized files (Serialized files now loaded: 0)
System memory in use before: 95.9 MB.
System memory in use after: 96.0 MB.

Unloading 16 unused Assets to reduce memory usage. Loaded Objects now: 2592.
Total: 2.874900 ms (FindLiveObjects: 0.197300 ms CreateObjectMapping: 0.092500 ms MarkObjects: 2.567000 ms  DeleteObjects: 0.017400 ms)

AssetImportParameters requested are different than current active one (requested -> active):
  custom:framework-win-MediaFoundation: 216162199b28c13a410421893ffa2e32 -> 
  custom:video-decoder-ogg-theora: a1e56fd34408186e4bbccfd4996cb3dc -> 
  custom:container-muxer-webm: aa71ff27fc2769a1b78a27578f13a17b -> 
  custom:container-demuxer-webm: 4f35f7cbe854078d1ac9338744f61a02 -> 
  custom:container-demuxer-ogg: 62fdf1f143b41e24485cea50d1cbac27 -> 
  custom:video-encoder-webm-vp8: eb34c28f22e8b96e1ab97ce403110664 -> 
  custom:video-decoder-webm-vp8: 9c59270c3fd7afecdb556c50c9e8de78 -> 
  custom:audio-decoder-ogg-vorbis: bf7c407c2cedff20999df2af8eb42d56 -> 
  custom:audio-encoder-webm-vorbis: bf7c407c2cedff20999df2af8eb42d56 -> 
========================================================================
Received Import Request.
  Time since last request: 254.633448 seconds.
  path: Assets
  artifactKey: Guid(00000000000000001000000000000000) Importer(815301076,1909f56bfc062723c751e8b465ee728b)
Start importing Assets using Guid(00000000000000001000000000000000) Importer(815301076,1909f56bfc062723c751e8b465ee728b)  -> (artifact id: '42d402b061de3733987d63b9cc3b64de') in 0.012637 seconds 
  Import took 0.017314 seconds .

========================================================================
Received Import Request.
  Time since last request: 93.156355 seconds.
  path: Assets/Idle1_s.png
  artifactKey: Guid(684e071a8e8b6449ba7f458a300d6da7) Importer(815301076,1909f56bfc062723c751e8b465ee728b)
Start importing Assets/Idle1_s.png using Guid(684e071a8e8b6449ba7f458a300d6da7) Importer(815301076,1909f56bfc062723c751e8b465ee728b)  -> (artifact id: '61c3bba7bf23ed369417053d01014ed3') in 0.066877 seconds 
  Import took 0.070668 seconds .

========================================================================
Received Import Request.
  Time since last request: 0.000268 seconds.
  path: Assets/Idle2_s.png
  artifactKey: Guid(26e7f7c771d5a4122a422d5581d9eaf3) Importer(815301076,1909f56bfc062723c751e8b465ee728b)
Start importing Assets/Idle2_s.png using Guid(26e7f7c771d5a4122a422d5581d9eaf3) Importer(815301076,1909f56bfc062723c751e8b465ee728b)  -> (artifact id: '01902305fc7be3cb81f7cda6a8357c85') in 0.016149 seconds 
  Import took 0.019783 seconds .

========================================================================
Received Import Request.
  Time since last request: 0.000165 seconds.
  path: Assets/Idle3_s.png
  artifactKey: Guid(630e451f1021e4151b0a180fae41b39d) Importer(815301076,1909f56bfc062723c751e8b465ee728b)
Start importing Assets/Idle3_s.png using Guid(630e451f1021e4151b0a180fae41b39d) Importer(815301076,1909f56bfc062723c751e8b465ee728b)  -> (artifact id: '2df731fc9c978bfb886b9cc6048c8a15') in 0.021279 seconds 
  Import took 0.026186 seconds .

========================================================================
Received Import Request.
  Time since last request: 0.000183 seconds.
  path: Assets/Idle4_s.png
  artifactKey: Guid(63720119168a84c70943bfd4e6b5b318) Importer(815301076,1909f56bfc062723c751e8b465ee728b)
Start importing Assets/Idle4_s.png using Guid(63720119168a84c70943bfd4e6b5b318) Importer(815301076,1909f56bfc062723c751e8b465ee728b)  -> (artifact id: '8c2d1de8f916b213935cc38a0de1b660') in 0.016348 seconds 
  Import took 0.019773 seconds .

========================================================================
Received Prepare
Registering precompiled user dll's ...
Registered in 0.027220 seconds.
Begin MonoManager ReloadAssembly
Native extension for WindowsStandalone target not found
Native extension for WebGL target not found
Refreshing native plugins compatible for Editor in 0.43 ms, found 3 plugins.
Preloading 0 native plugins for Editor in 0.00 ms.
Mono: successfully reloaded assembly
- Completed reload, in  1.601 seconds
Domain Reload Profiling:
	ReloadAssembly (1602ms)
		BeginReloadAssembly (155ms)
			ExecutionOrderSort (0ms)
			DisableScriptedObjects (7ms)
			BackupInstance (0ms)
			ReleaseScriptingObjects (0ms)
			CreateAndSetChildDomain (46ms)
		EndReloadAssembly (1364ms)
			LoadAssemblies (131ms)
			RebuildTransferFunctionScriptingTraits (0ms)
			SetupTypeCache (412ms)
			ReleaseScriptCaches (1ms)
			RebuildScriptCaches (59ms)
			SetupLoadedEditorAssemblies (628ms)
				LogAssemblyErrors (0ms)
				InitializePlatformSupportModulesInManaged (10ms)
				SetLoadedEditorAssemblies (1ms)
				RefreshPlugins (0ms)
				BeforeProcessingInitializeOnLoad (80ms)
				ProcessInitializeOnLoadAttributes (520ms)
				ProcessInitializeOnLoadMethodAttributes (8ms)
				AfterProcessingInitializeOnLoad (9ms)
				EditorAssembliesLoaded (1ms)
			ExecutionOrderSort2 (0ms)
			AwakeInstancesAfterBackupRestoration (17ms)
Platform modules already initialized, skipping
Refreshing native plugins compatible for Editor in 0.55 ms, found 3 plugins.
Preloading 0 native plugins for Editor in 0.00 ms.
Unloading 2084 Unused Serialized files (Serialized files now loaded: 0)
System memory in use before: 95.9 MB.
System memory in use after: 96.0 MB.

Unloading 16 unused Assets to reduce memory usage. Loaded Objects now: 2596.
Total: 3.719700 ms (FindLiveObjects: 0.331200 ms CreateObjectMapping: 0.142700 ms MarkObjects: 3.226000 ms  DeleteObjects: 0.018100 ms)

AssetImportParameters requested are different than current active one (requested -> active):
  custom:framework-win-MediaFoundation: 216162199b28c13a410421893ffa2e32 -> 
  custom:video-decoder-ogg-theora: a1e56fd34408186e4bbccfd4996cb3dc -> 
  custom:container-muxer-webm: aa71ff27fc2769a1b78a27578f13a17b -> 
  custom:container-demuxer-webm: 4f35f7cbe854078d1ac9338744f61a02 -> 
  custom:container-demuxer-ogg: 62fdf1f143b41e24485cea50d1cbac27 -> 
  custom:video-encoder-webm-vp8: eb34c28f22e8b96e1ab97ce403110664 -> 
  custom:video-decoder-webm-vp8: 9c59270c3fd7afecdb556c50c9e8de78 -> 
  custom:audio-decoder-ogg-vorbis: bf7c407c2cedff20999df2af8eb42d56 -> 
  custom:audio-encoder-webm-vorbis: bf7c407c2cedff20999df2af8eb42d56 -> 
========================================================================
Received Prepare
Registering precompiled user dll's ...
Registered in 0.005550 seconds.
Begin MonoManager ReloadAssembly
Native extension for WindowsStandalone target not found
Native extension for WebGL target not found
Refreshing native plugins compatible for Editor in 1.12 ms, found 3 plugins.
Preloading 0 native plugins for Editor in 0.00 ms.
Mono: successfully reloaded assembly
- Completed reload, in  1.951 seconds
Domain Reload Profiling:
	ReloadAssembly (1952ms)
		BeginReloadAssembly (179ms)
			ExecutionOrderSort (0ms)
			DisableScriptedObjects (12ms)
			BackupInstance (0ms)
			ReleaseScriptingObjects (0ms)
			CreateAndSetChildDomain (52ms)
		EndReloadAssembly (1674ms)
			LoadAssemblies (155ms)
			RebuildTransferFunctionScriptingTraits (0ms)
			SetupTypeCache (545ms)
			ReleaseScriptCaches (1ms)
			RebuildScriptCaches (73ms)
			SetupLoadedEditorAssemblies (706ms)
				LogAssemblyErrors (0ms)
				InitializePlatformSupportModulesInManaged (13ms)
				SetLoadedEditorAssemblies (1ms)
				RefreshPlugins (1ms)
				BeforeProcessingInitializeOnLoad (172ms)
				ProcessInitializeOnLoadAttributes (503ms)
				ProcessInitializeOnLoadMethodAttributes (10ms)
				AfterProcessingInitializeOnLoad (6ms)
				EditorAssembliesLoaded (0ms)
			ExecutionOrderSort2 (0ms)
			AwakeInstancesAfterBackupRestoration (15ms)
Platform modules already initialized, skipping
Refreshing native plugins compatible for Editor in 1.17 ms, found 3 plugins.
Preloading 0 native plugins for Editor in 0.00 ms.
Unloading 2084 Unused Serialized files (Serialized files now loaded: 0)
System memory in use before: 95.9 MB.
System memory in use after: 96.1 MB.

Unloading 16 unused Assets to reduce memory usage. Loaded Objects now: 2599.
Total: 4.928600 ms (FindLiveObjects: 0.300200 ms CreateObjectMapping: 0.114200 ms MarkObjects: 4.495300 ms  DeleteObjects: 0.017700 ms)

AssetImportParameters requested are different than current active one (requested -> active):
  custom:framework-win-MediaFoundation: 216162199b28c13a410421893ffa2e32 -> 
  custom:video-decoder-ogg-theora: a1e56fd34408186e4bbccfd4996cb3dc -> 
  custom:container-muxer-webm: aa71ff27fc2769a1b78a27578f13a17b -> 
  custom:container-demuxer-webm: 4f35f7cbe854078d1ac9338744f61a02 -> 
  custom:container-demuxer-ogg: 62fdf1f143b41e24485cea50d1cbac27 -> 
  custom:video-encoder-webm-vp8: eb34c28f22e8b96e1ab97ce403110664 -> 
  custom:video-decoder-webm-vp8: 9c59270c3fd7afecdb556c50c9e8de78 -> 
  custom:audio-decoder-ogg-vorbis: bf7c407c2cedff20999df2af8eb42d56 -> 
  custom:audio-encoder-webm-vorbis: bf7c407c2cedff20999df2af8eb42d56 -> 
========================================================================
Received Prepare
Registering precompiled user dll's ...
Registered in 0.002914 seconds.
Begin MonoManager ReloadAssembly
Native extension for WindowsStandalone target not found
Native extension for WebGL target not found
Refreshing native plugins compatible for Editor in 0.42 ms, found 3 plugins.
Preloading 0 native plugins for Editor in 0.00 ms.
Mono: successfully reloaded assembly
- Completed reload, in  1.204 seconds
Domain Reload Profiling:
	ReloadAssembly (1205ms)
		BeginReloadAssembly (114ms)
			ExecutionOrderSort (0ms)
			DisableScriptedObjects (9ms)
			BackupInstance (0ms)
			ReleaseScriptingObjects (0ms)
			CreateAndSetChildDomain (35ms)
		EndReloadAssembly (1024ms)
			LoadAssemblies (91ms)
			RebuildTransferFunctionScriptingTraits (0ms)
			SetupTypeCache (328ms)
			ReleaseScriptCaches (1ms)
			RebuildScriptCaches (53ms)
			SetupLoadedEditorAssemblies (424ms)
				LogAssemblyErrors (0ms)
				InitializePlatformSupportModulesInManaged (6ms)
				SetLoadedEditorAssemblies (0ms)
				RefreshPlugins (0ms)
				BeforeProcessingInitializeOnLoad (63ms)
				ProcessInitializeOnLoadAttributes (342ms)
				ProcessInitializeOnLoadMethodAttributes (7ms)
				AfterProcessingInitializeOnLoad (5ms)
				EditorAssembliesLoaded (0ms)
			ExecutionOrderSort2 (0ms)
			AwakeInstancesAfterBackupRestoration (13ms)
Platform modules already initialized, skipping
Refreshing native plugins compatible for Editor in 0.40 ms, found 3 plugins.
Preloading 0 native plugins for Editor in 0.00 ms.
Unloading 2084 Unused Serialized files (Serialized files now loaded: 0)
System memory in use before: 96.0 MB.
System memory in use after: 96.1 MB.

Unloading 16 unused Assets to reduce memory usage. Loaded Objects now: 2602.
Total: 3.455000 ms (FindLiveObjects: 0.189400 ms CreateObjectMapping: 0.083500 ms MarkObjects: 3.162500 ms  DeleteObjects: 0.018400 ms)

AssetImportParameters requested are different than current active one (requested -> active):
  custom:framework-win-MediaFoundation: 216162199b28c13a410421893ffa2e32 -> 
  custom:video-decoder-ogg-theora: a1e56fd34408186e4bbccfd4996cb3dc -> 
  custom:container-muxer-webm: aa71ff27fc2769a1b78a27578f13a17b -> 
  custom:container-demuxer-webm: 4f35f7cbe854078d1ac9338744f61a02 -> 
  custom:container-demuxer-ogg: 62fdf1f143b41e24485cea50d1cbac27 -> 
  custom:video-encoder-webm-vp8: eb34c28f22e8b96e1ab97ce403110664 -> 
  custom:video-decoder-webm-vp8: 9c59270c3fd7afecdb556c50c9e8de78 -> 
  custom:audio-decoder-ogg-vorbis: bf7c407c2cedff20999df2af8eb42d56 -> 
  custom:audio-encoder-webm-vorbis: bf7c407c2cedff20999df2af8eb42d56 -> 
========================================================================
Received Import Request.
  Time since last request: 183.214693 seconds.
  path: Assets/Walk1_s.png
  artifactKey: Guid(c0c3de034120340e6a638e7f4f3cf51c) Importer(815301076,1909f56bfc062723c751e8b465ee728b)
Start importing Assets/Walk1_s.png using Guid(c0c3de034120340e6a638e7f4f3cf51c) Importer(815301076,1909f56bfc062723c751e8b465ee728b)  -> (artifact id: 'cb7e07e63b68f61f2c7c58eecb0f68b5') in 0.059458 seconds 
  Import took 0.063204 seconds .

========================================================================
Received Import Request.
  Time since last request: 0.000227 seconds.
  path: Assets/Walk3_s.png
  artifactKey: Guid(d5af95e351ae6499cb414bec64bec763) Importer(815301076,1909f56bfc062723c751e8b465ee728b)
Start importing Assets/Walk3_s.png using Guid(d5af95e351ae6499cb414bec64bec763) Importer(815301076,1909f56bfc062723c751e8b465ee728b)  -> (artifact id: '40325b140c1cc6352985271ff4516b92') in 0.016039 seconds 
  Import took 0.019800 seconds .

========================================================================
Received Import Request.
  Time since last request: 0.000185 seconds.
  path: Assets/Walk2_s.png
  artifactKey: Guid(4346cbdee9cca40819cb3bad472c71a0) Importer(815301076,1909f56bfc062723c751e8b465ee728b)
Start importing Assets/Walk2_s.png using Guid(4346cbdee9cca40819cb3bad472c71a0) Importer(815301076,1909f56bfc062723c751e8b465ee728b)  -> (artifact id: '008d3f5acb2db300fbdb3d5cd045017e') in 0.015680 seconds 
  Import took 0.019198 seconds .

========================================================================
Received Import Request.
  Time since last request: 0.000368 seconds.
  path: Assets/Walk4_s.png
  artifactKey: Guid(29f375d376be9488c9099f5ef44624b6) Importer(815301076,1909f56bfc062723c751e8b465ee728b)
Start importing Assets/Walk4_s.png using Guid(29f375d376be9488c9099f5ef44624b6) Importer(815301076,1909f56bfc062723c751e8b465ee728b)  -> (artifact id: '9a150a6a2babe7495f1735ae180a9cb9') in 0.020979 seconds 
  Import took 0.026303 seconds .

========================================================================
Received Import Request.
  Time since last request: 0.003991 seconds.
  path: Assets/Walk4_s.png
  artifactKey: Guid(29f375d376be9488c9099f5ef44624b6) Importer(815301076,1909f56bfc062723c751e8b465ee728b)
Start importing Assets/Walk4_s.png using Guid(29f375d376be9488c9099f5ef44624b6) Importer(815301076,1909f56bfc062723c751e8b465ee728b)  -> (artifact id: '9a150a6a2babe7495f1735ae180a9cb9') in 0.015232 seconds 
  Import took 0.018391 seconds .

========================================================================
Received Prepare
Registering precompiled user dll's ...
Registered in 0.004877 seconds.
Begin MonoManager ReloadAssembly
Native extension for WindowsStandalone target not found
Native extension for WebGL target not found
Refreshing native plugins compatible for Editor in 0.89 ms, found 3 plugins.
Preloading 0 native plugins for Editor in 0.00 ms.
Mono: successfully reloaded assembly
- Completed reload, in  1.776 seconds
Domain Reload Profiling:
	ReloadAssembly (1776ms)
		BeginReloadAssembly (152ms)
			ExecutionOrderSort (0ms)
			DisableScriptedObjects (9ms)
			BackupInstance (0ms)
			ReleaseScriptingObjects (0ms)
			CreateAndSetChildDomain (54ms)
		EndReloadAssembly (1525ms)
			LoadAssemblies (168ms)
			RebuildTransferFunctionScriptingTraits (0ms)
			SetupTypeCache (553ms)
			ReleaseScriptCaches (2ms)
			RebuildScriptCaches (65ms)
			SetupLoadedEditorAssemblies (559ms)
				LogAssemblyErrors (0ms)
				InitializePlatformSupportModulesInManaged (9ms)
				SetLoadedEditorAssemblies (1ms)
				RefreshPlugins (1ms)
				BeforeProcessingInitializeOnLoad (89ms)
				ProcessInitializeOnLoadAttributes (445ms)
				ProcessInitializeOnLoadMethodAttributes (6ms)
				AfterProcessingInitializeOnLoad (9ms)
				EditorAssembliesLoaded (0ms)
			ExecutionOrderSort2 (0ms)
			AwakeInstancesAfterBackupRestoration (16ms)
Platform modules already initialized, skipping
Refreshing native plugins compatible for Editor in 0.62 ms, found 3 plugins.
Preloading 0 native plugins for Editor in 0.00 ms.
Unloading 2084 Unused Serialized files (Serialized files now loaded: 0)
System memory in use before: 96.0 MB.
System memory in use after: 96.1 MB.

Unloading 16 unused Assets to reduce memory usage. Loaded Objects now: 2606.
Total: 5.787500 ms (FindLiveObjects: 0.211400 ms CreateObjectMapping: 0.100400 ms MarkObjects: 5.456900 ms  DeleteObjects: 0.017800 ms)

AssetImportParameters requested are different than current active one (requested -> active):
  custom:framework-win-MediaFoundation: 216162199b28c13a410421893ffa2e32 -> 
  custom:video-decoder-ogg-theora: a1e56fd34408186e4bbccfd4996cb3dc -> 
  custom:container-muxer-webm: aa71ff27fc2769a1b78a27578f13a17b -> 
  custom:container-demuxer-webm: 4f35f7cbe854078d1ac9338744f61a02 -> 
  custom:container-demuxer-ogg: 62fdf1f143b41e24485cea50d1cbac27 -> 
  custom:video-encoder-webm-vp8: eb34c28f22e8b96e1ab97ce403110664 -> 
  custom:video-decoder-webm-vp8: 9c59270c3fd7afecdb556c50c9e8de78 -> 
  custom:audio-decoder-ogg-vorbis: bf7c407c2cedff20999df2af8eb42d56 -> 
  custom:audio-encoder-webm-vorbis: bf7c407c2cedff20999df2af8eb42d56 -> 
========================================================================
Received Import Request.
  Time since last request: 119.636557 seconds.
  path: Assets/Player.controller
  artifactKey: Guid(1e4ba469903d340d29c30fb3a389566a) Importer(815301076,1909f56bfc062723c751e8b465ee728b)
Start importing Assets/Player.controller using Guid(1e4ba469903d340d29c30fb3a389566a) Importer(815301076,1909f56bfc062723c751e8b465ee728b)  -> (artifact id: '049d17a1e8fec102e043f3aa367b475d') in 0.070073 seconds 
  Import took 0.074056 seconds .

========================================================================
Received Prepare
Registering precompiled user dll's ...
Registered in 0.002843 seconds.
Begin MonoManager ReloadAssembly
Native extension for WindowsStandalone target not found
Native extension for WebGL target not found
Refreshing native plugins compatible for Editor in 0.63 ms, found 3 plugins.
Preloading 0 native plugins for Editor in 0.00 ms.
Mono: successfully reloaded assembly
- Completed reload, in  1.196 seconds
Domain Reload Profiling:
	ReloadAssembly (1197ms)
		BeginReloadAssembly (129ms)
			ExecutionOrderSort (0ms)
			DisableScriptedObjects (8ms)
			BackupInstance (0ms)
			ReleaseScriptingObjects (0ms)
			CreateAndSetChildDomain (43ms)
		EndReloadAssembly (984ms)
			LoadAssemblies (112ms)
			RebuildTransferFunctionScriptingTraits (0ms)
			SetupTypeCache (328ms)
			ReleaseScriptCaches (1ms)
			RebuildScriptCaches (47ms)
			SetupLoadedEditorAssemblies (388ms)
				LogAssemblyErrors (0ms)
				InitializePlatformSupportModulesInManaged (7ms)
				SetLoadedEditorAssemblies (1ms)
				RefreshPlugins (1ms)
				BeforeProcessingInitializeOnLoad (66ms)
				ProcessInitializeOnLoadAttributes (303ms)
				ProcessInitializeOnLoadMethodAttributes (5ms)
				AfterProcessingInitializeOnLoad (6ms)
				EditorAssembliesLoaded (0ms)
			ExecutionOrderSort2 (0ms)
			AwakeInstancesAfterBackupRestoration (11ms)
Platform modules already initialized, skipping
Refreshing native plugins compatible for Editor in 0.45 ms, found 3 plugins.
Preloading 0 native plugins for Editor in 0.00 ms.
Unloading 2084 Unused Serialized files (Serialized files now loaded: 0)
System memory in use before: 96.0 MB.
System memory in use after: 96.1 MB.

Unloading 16 unused Assets to reduce memory usage. Loaded Objects now: 2609.
Total: 2.693100 ms (FindLiveObjects: 0.176300 ms CreateObjectMapping: 0.080000 ms MarkObjects: 2.420100 ms  DeleteObjects: 0.015800 ms)

AssetImportParameters requested are different than current active one (requested -> active):
  custom:framework-win-MediaFoundation: 216162199b28c13a410421893ffa2e32 -> 
  custom:video-decoder-ogg-theora: a1e56fd34408186e4bbccfd4996cb3dc -> 
  custom:container-muxer-webm: aa71ff27fc2769a1b78a27578f13a17b -> 
  custom:container-demuxer-webm: 4f35f7cbe854078d1ac9338744f61a02 -> 
  custom:container-demuxer-ogg: 62fdf1f143b41e24485cea50d1cbac27 -> 
  custom:video-encoder-webm-vp8: eb34c28f22e8b96e1ab97ce403110664 -> 
  custom:video-decoder-webm-vp8: 9c59270c3fd7afecdb556c50c9e8de78 -> 
  custom:audio-decoder-ogg-vorbis: bf7c407c2cedff20999df2af8eb42d56 -> 
  custom:audio-encoder-webm-vorbis: bf7c407c2cedff20999df2af8eb42d56 -> 
========================================================================
Received Import Request.
  Time since last request: 344.229710 seconds.
  path: Assets/Drop1_s.png
  artifactKey: Guid(4c0a23f8e96d949c9adf279d66fe19c9) Importer(815301076,1909f56bfc062723c751e8b465ee728b)
Start importing Assets/Drop1_s.png using Guid(4c0a23f8e96d949c9adf279d66fe19c9) Importer(815301076,1909f56bfc062723c751e8b465ee728b)  -> (artifact id: 'b0caa4273d8f18166789073fa80e5d0f') in 0.066089 seconds 
  Import took 0.070336 seconds .

========================================================================
Received Import Request.
  Time since last request: 0.000245 seconds.
  path: Assets/Drop2_s.png
  artifactKey: Guid(6e10a4e1e05c94a10a2464eb94edcfaa) Importer(815301076,1909f56bfc062723c751e8b465ee728b)
Start importing Assets/Drop2_s.png using Guid(6e10a4e1e05c94a10a2464eb94edcfaa) Importer(815301076,1909f56bfc062723c751e8b465ee728b)  -> (artifact id: '7b373e5083008001b33ce0fe7df969b6') in 0.018982 seconds 
  Import took 0.023217 seconds .

========================================================================
Received Prepare
Registering precompiled user dll's ...
Registered in 0.004249 seconds.
Begin MonoManager ReloadAssembly
Native extension for WindowsStandalone target not found
Native extension for WebGL target not found
Refreshing native plugins compatible for Editor in 0.41 ms, found 3 plugins.
Preloading 0 native plugins for Editor in 0.00 ms.
Mono: successfully reloaded assembly
- Completed reload, in  1.233 seconds
Domain Reload Profiling:
	ReloadAssembly (1234ms)
		BeginReloadAssembly (121ms)
			ExecutionOrderSort (0ms)
			DisableScriptedObjects (9ms)
			BackupInstance (0ms)
			ReleaseScriptingObjects (0ms)
			CreateAndSetChildDomain (37ms)
		EndReloadAssembly (1043ms)
			LoadAssemblies (98ms)
			RebuildTransferFunctionScriptingTraits (0ms)
			SetupTypeCache (347ms)
			ReleaseScriptCaches (1ms)
			RebuildScriptCaches (59ms)
			SetupLoadedEditorAssemblies (422ms)
				LogAssemblyErrors (0ms)
				InitializePlatformSupportModulesInManaged (7ms)
				SetLoadedEditorAssemblies (0ms)
				RefreshPlugins (0ms)
				BeforeProcessingInitializeOnLoad (64ms)
				ProcessInitializeOnLoadAttributes (339ms)
				ProcessInitializeOnLoadMethodAttributes (7ms)
				AfterProcessingInitializeOnLoad (5ms)
				EditorAssembliesLoaded (0ms)
			ExecutionOrderSort2 (0ms)
			AwakeInstancesAfterBackupRestoration (12ms)
Platform modules already initialized, skipping
Refreshing native plugins compatible for Editor in 0.47 ms, found 3 plugins.
Preloading 0 native plugins for Editor in 0.00 ms.
Unloading 2084 Unused Serialized files (Serialized files now loaded: 0)
System memory in use before: 96.0 MB.
System memory in use after: 96.1 MB.

Unloading 16 unused Assets to reduce memory usage. Loaded Objects now: 2613.
Total: 3.892300 ms (FindLiveObjects: 0.191500 ms CreateObjectMapping: 0.083200 ms MarkObjects: 3.596200 ms  DeleteObjects: 0.020200 ms)

AssetImportParameters requested are different than current active one (requested -> active):
  custom:framework-win-MediaFoundation: 216162199b28c13a410421893ffa2e32 -> 
  custom:video-decoder-ogg-theora: a1e56fd34408186e4bbccfd4996cb3dc -> 
  custom:container-muxer-webm: aa71ff27fc2769a1b78a27578f13a17b -> 
  custom:container-demuxer-webm: 4f35f7cbe854078d1ac9338744f61a02 -> 
  custom:container-demuxer-ogg: 62fdf1f143b41e24485cea50d1cbac27 -> 
  custom:video-encoder-webm-vp8: eb34c28f22e8b96e1ab97ce403110664 -> 
  custom:video-decoder-webm-vp8: 9c59270c3fd7afecdb556c50c9e8de78 -> 
  custom:audio-decoder-ogg-vorbis: bf7c407c2cedff20999df2af8eb42d56 -> 
  custom:audio-encoder-webm-vorbis: bf7c407c2cedff20999df2af8eb42d56 -> 
